2024-11-11 17:12:42.161 [main] INFO  Freerouting v1.9.0 (build-date: 2023-10-30)
2024-11-11 17:12:43.458 [ForkJoinPool.commonPool-worker-1] INFO  New version available: v2.0.0
2024-11-11 17:12:50.262 [AWT-EventQueue-0] INFO  Opening 'LinePCB.dsn'...
2024-11-11 17:12:52.156 [Thread-32] INFO  Starting auto-routing...
2024-11-11 17:15:06.364 [Thread-32] ERROR AutorouteEngine.autoroute_connection: Exception in maze_search_algo.find_connection
java.lang.NullPointerException: Cannot read the array length because "drill_shapes" is null
	at app.freerouting.autoroute.DrillPage.get_drills(DrillPage.java:108) ~[freerouting-1.9.0.jar:unspecified]
	at app.freerouting.autoroute.MazeSearchAlgo.expand_to_drills_of_page(MazeSearchAlgo.java:782) ~[freerouting-1.9.0.jar:unspecified]
	at app.freerouting.autoroute.MazeSearchAlgo.occupy_next_element(MazeSearchAlgo.java:239) ~[freerouting-1.9.0.jar:unspecified]
	at app.freerouting.autoroute.MazeSearchAlgo.find_connection(MazeSearchAlgo.java:197) ~[freerouting-1.9.0.jar:unspecified]
	at app.freerouting.autoroute.AutorouteEngine.autoroute_connection(AutorouteEngine.java:123) [freerouting-1.9.0.jar:unspecified]
	at app.freerouting.autoroute.BatchAutorouter.autoroute_item(BatchAutorouter.java:432) [freerouting-1.9.0.jar:unspecified]
	at app.freerouting.autoroute.BatchAutorouter.autoroute_pass(BatchAutorouter.java:306) [freerouting-1.9.0.jar:unspecified]
	at app.freerouting.autoroute.BatchAutorouter.autoroute_passes(BatchAutorouter.java:173) [freerouting-1.9.0.jar:unspecified]
	at app.freerouting.interactive.BatchAutorouterThread.thread_action(BatchAutorouterThread.java:90) [freerouting-1.9.0.jar:unspecified]
	at app.freerouting.interactive.InteractiveActionThread.run(InteractiveActionThread.java:56) [freerouting-1.9.0.jar:unspecified]
2024-11-11 17:15:06.376 [Thread-32] WARN  There were only 19.10 changes in the last 20 passes, so it's very likely that autorouter can't improve the result much further. It is recommended to stop it and finish the board manually.
2024-11-11 17:15:06.435 [Thread-32] INFO  Auto-routing was completed in 2 minute(s) 14.28 seconds.
2024-11-11 17:15:06.536 [Thread-32] INFO  Starting route optimization on 1 thread...
2024-11-11 17:15:06.539 [Thread-32] INFO  Route optimization was completed in 0.00 seconds.
2024-11-11 17:18:01.761 [Thread-46] INFO  Starting auto-routing...
2024-11-11 17:18:03.321 [Thread-46] WARN  There were only 2.00 changes in the last 20 passes, so it's very likely that autorouter can't improve the result much further. It is recommended to stop it and finish the board manually.
2024-11-11 17:18:04.861 [Thread-46] WARN  There were only 2.00 changes in the last 40 passes, so it's very likely that autorouter can't improve the result much further. It is recommended to stop it and finish the board manually.
2024-11-11 17:18:06.375 [Thread-46] WARN  There were only 2.00 changes in the last 60 passes, so it's very likely that autorouter can't improve the result much further. It is recommended to stop it and finish the board manually.
2024-11-11 17:18:07.895 [Thread-46] WARN  There were only 2.00 changes in the last 80 passes, so it's very likely that autorouter can't improve the result much further. It is recommended to stop it and finish the board manually.
2024-11-11 17:18:09.413 [Thread-46] WARN  There were only 2.00 changes in the last 100 passes, so it's very likely that autorouter can't improve the result much further. It is recommended to stop it and finish the board manually.
2024-11-11 17:18:09.753 [Thread-46] INFO  Auto-routing was completed in 7.99 seconds.
2024-11-11 17:18:09.854 [Thread-46] INFO  Starting route optimization on 1 thread...
2024-11-11 17:18:09.855 [Thread-46] INFO  Route optimization was completed in 0.00 seconds.
2024-11-11 17:18:15.998 [AWT-EventQueue-0] INFO  Saving 'LinePCB.ses'...
2024-11-11 17:18:17.306 [AWT-EventQueue-0] INFO  Saving 'LinePCB.rules'...
